1652797125743	geckodriver	INFO	Listening on 127.0.0.1:58759
1652797128782	mozrunner::runner	INFO	Running command: "C:\\Program Files\\Mozilla Firefox\\firefox.exe" "--marionette" "--remote-debugging-port" "58760" "--remote-allow-hosts" "localhost" "-no-remote" "-profile" "C:\\Users\\Amani\\AppData\\Local\\Temp\\rust_mozprofile1bv71H"
1652797129427	Marionette	INFO	Marionette enabled
console.warn: SearchSettings: "get: No settings file exists, new profile?" (new NotFoundError("Could not open the file at C:\\Users\\Amani\\AppData\\Local\\Temp\\rust_mozprofile1bv71H\\search.json.mozlz4", (void 0)))
DevTools listening on ws://localhost:58760/devtools/browser/915f6bc5-e127-482c-bfef-a881d16a01ee
1652797132220	Marionette	INFO	Listening on port 58788
Read port: 58788
1652797132303	RemoteAgent	WARN	TLS certificate errors will be ignored for this session
1652797141260	Marionette	INFO	Stopped listening on port 58788
console.warn: TopSitesFeed: Failed to fetch data from Contile server: NetworkError when attempting to fetch resource.
1652797662201	geckodriver	INFO	Listening on 127.0.0.1:59155
1652797665266	mozrunner::runner	INFO	Running command: "C:\\Program Files\\Mozilla Firefox\\firefox.exe" "--marionette" "--remote-debugging-port" "59156" "--remote-allow-hosts" "localhost" "-no-remote" "-profile" "C:\\Users\\Amani\\AppData\\Local\\Temp\\rust_mozprofileMuJC8g"
1652797665735	Marionette	INFO	Marionette enabled
console.warn: SearchSettings: "get: No settings file exists, new profile?" (new NotFoundError("Could not open the file at C:\\Users\\Amani\\AppData\\Local\\Temp\\rust_mozprofileMuJC8g\\search.json.mozlz4", (void 0)))
DevTools listening on ws://localhost:59156/devtools/browser/1114c226-eec1-4c03-b3dd-cfd3fdc268aa
1652797668315	Marionette	INFO	Listening on port 59182
Read port: 59182
1652797668400	RemoteAgent	WARN	TLS certificate errors will be ignored for this session
1652798607126	Marionette	INFO	Stopped listening on port 59182
console.warn: TopSitesFeed: Failed to fetch data from Contile server: NetworkError when attempting to fetch resource.
remote-debugging-port" "59258" "--remote-allow-hosts" "localhost" "-no-remote" "-profile" "C:\\Users\\Amani\\AppData\\Local\\Temp\\rust_mozprofilepxtiaq"
1652797733446	Marionette	INFO	Marionette enabled
console.warn: SearchSettings: "get: No settings file exists, new profile?" (new NotFoundError("Could not open the file at C:\\Users\\Amani\\AppData\\Local\\Temp\\rust_mozprofilepxtiaq\\search.json.mozlz4", (void 0)))
DevTools listening on ws://localhost:59258/devtools/browser/440dd190-4d0f-447e-876e-1d1ab63b0a67
1652797736235	Marionette	INFO	Listening on port 59284
Read port: 59284
1652797736286	RemoteAgent	WARN	TLS certificate errors will be ignored for this session
1652797744888	Marionette	INFO	Stopped listening on port 59284
console.warn: TopSitesFeed: Failed to fetch data from Contile server: NetworkError when attempting to fetch resource.
1652797807071	geckodriver	INFO	Listening on 127.0.0.1:59357
1652797810141	mozrunner::runner	INFO	Running command: "C:\\Program Files\\Mozilla Firefox\\firefox.exe" "--marionette" "--remote-debugging-port" "59358" "--remote-allow-hosts" "localhost" "-no-remote" "-profile" "C:\\Users\\Amani\\AppData\\Local\\Temp\\rust_mozprofileOVZLHe"
1652797810591	Marionette	INFO	Marionette enabled
console.warn: SearchSettings: "get: No settings file exists, new profile?" (new NotFoundError("Could not open the file at C:\\Users\\Amani\\AppData\\Local\\Temp\\rust_mozprofileOVZLHe\\search.json.mozlz4", (void 0)))
DevTools listening on ws://localhost:59358/devtools/browser/227f3df7-9c72-4ee0-ad42-c9296c0905fa
1652797813110	Marionette	INFO	Listening on port 59383
Read port: 59383
1652797813211	RemoteAgent	WARN	TLS certificate errors will be ignored for this session
1652798616095	Marionette	INFO	Stopped listening on port 59383
console.warn: TopSitesFeed: Failed to fetch data from Contile server: NetworkError when attempting to fetch resource.

###!!! [Parent][PGPUParent] Error: RunMessage(msgname=PGPU::Msg_ShutdownVR) Channel closing: too late to send/recv, messages will be lost

ilej3Lz5Q"
1652797999736	Marionette	INFO	Marionette enabled
console.warn: SearchSettings: "get: No settings file exists, new profile?" (new NotFoundError("Could not open the file at C:\\Users\\Amani\\AppData\\Local\\Temp\\rust_mozprofilej3Lz5Q\\search.json.mozlz4", (void 0)))
DevTools listening on ws://localhost:59541/devtools/browser/65eebb0f-6b2e-468b-b952-3262e5866356
1652798002300	Marionette	INFO	Listening on port 59567
Read port: 59567
1652798002334	RemoteAgent	WARN	TLS certificate errors will be ignored for this session
1652798613383	Marionette	INFO	Stopped listening on port 59567
console.warn: TopSitesFeed: Failed to fetch data from Contile server: NetworkError when attempting to fetch resource.
remote-debugging-port" "59733" "--remote-allow-hosts" "localhost" "-no-remote" "-profile" "C:\\Users\\Amani\\AppData\\Local\\Temp\\rust_mozprofilecNQmWj"
1652798131312	Marionette	INFO	Marionette enabled
console.warn: SearchSettings: "get: No settings file exists, new profile?" (new NotFoundError("Could not open the file at C:\\Users\\Amani\\AppData\\Local\\Temp\\rust_mozprofilecNQmWj\\search.json.mozlz4", (void 0)))
DevTools listening on ws://localhost:59733/devtools/browser/45a5b007-c7b1-4cda-a685-c2d26f0a1d2f
1652798134057	Marionette	INFO	Listening on port 59758
Read port: 59758
1652798134101	RemoteAgent	WARN	TLS certificate errors will be ignored for this session
1652798134780	Marionette	INFO	Stopped listening on port 59758
1652799038075	geckodriver	INFO	Listening on 127.0.0.1:60347
1652799041120	mozrunner::runner	INFO	Running command: "C:\\Program Files\\Mozilla Firefox\\firefox.exe" "--marionette" "--remote-debugging-port" "60348" "--remote-allow-hosts" "localhost" "-no-remote" "-profile" "C:\\Users\\Amani\\AppData\\Local\\Temp\\rust_mozprofileXmMLxF"
1652799041607	Marionette	INFO	Marionette enabled
console.warn: SearchSettings: "get: No settings file exists, new profile?" (new NotFoundError("Could not open the file at C:\\Users\\Amani\\AppData\\Local\\Temp\\rust_mozprofileXmMLxF\\search.json.mozlz4", (void 0)))
DevTools listening on ws://localhost:60348/devtools/browser/c161e16a-8b94-4459-bfe7-7e0fe2148045
1652799044262	Marionette	INFO	Listening on port 60374
Read port: 60374
1652799044383	RemoteAgent	WARN	TLS certificate errors will be ignored for this session
1652811488499	Marionette	INFO	Stopped listening on port 60374
console.warn: TopSitesFeed: Failed to fetch data from Contile server: NetworkError when attempting to fetch resource.
remote-debugging-port" "60434" "--remote-allow-hosts" "localhost" "-no-remote" "-profile" "C:\\Users\\Amani\\AppData\\Local\\Temp\\rust_mozprofilemt84xd"
1652799087208	Marionette	INFO	Marionette enabled
console.warn: SearchSettings: "get: No settings file exists, new profile?" (new NotFoundError("Could not open the file at C:\\Users\\Amani\\AppData\\Local\\Temp\\rust_mozprofilemt84xd\\search.json.mozlz4", (void 0)))
DevTools listening on ws://localhost:60434/devtools/browser/dbab7cf1-da00-4b48-9a5c-9b4ca8e171db
1652799089905	Marionette	INFO	Listening on port 60460
Read port: 60460
1652799089993	RemoteAgent	WARN	TLS certificate errors will be ignored for this session
1652799090563	Marionette	INFO	Stopped listening on port 60460
1653989563667	geckodriver	INFO	Listening on 127.0.0.1:60937
1653989566711	mozrunner::runner	INFO	Running command: "C:\\Program Files\\Mozilla Firefox\\firefox.exe" "--marionette" "--remote-debugging-port" "60938" "--remote-allow-hosts" "localhost" "-no-remote" "-profile" "C:\\Users\\Amani\\AppData\\Local\\Temp\\rust_mozprofileovh2kh"
1653989567333	Marionette	INFO	Marionette enabled
console.warn: SearchSettings: "get: No settings file exists, new profile?" (new NotFoundError("Could not open the file at C:\\Users\\Amani\\AppData\\Local\\Temp\\rust_mozprofileovh2kh\\search.json.mozlz4", (void 0)))
DevTools listening on ws://localhost:60938/devtools/browser/d9c04356-4d87-48ee-b8e6-263657d7fd59
1653989570092	Marionette	INFO	Listening on port 60966
Read port: 60966
1653989570221	RemoteAgent	WARN	TLS certificate errors will be ignored for this session
1653989575626	Marionette	INFO	Stopped listening on port 60966
1653989604902	geckodriver	INFO	Listening on 127.0.0.1:61012
1653989607927	mozrunner::runner	INFO	Running command: "C:\\Program Files\\Mozilla Firefox\\firefox.exe" "--marionette" "--remote-debugging-port" "61013" "--remote-allow-hosts" "localhost" "-no-remote" "-profile" "C:\\Users\\Amani\\AppData\\Local\\Temp\\rust_mozprofileWxq14Q"
1653989608313	Marionette	INFO	Marionette enabled
console.warn: SearchSettings: "get: No settings file exists, new profile?" (new NotFoundError("Could not open the file at C:\\Users\\Amani\\AppData\\Local\\Temp\\rust_mozprofileWxq14Q\\search.json.mozlz4", (void 0)))
DevTools listening on ws://localhost:61013/devtools/browser/174d17ca-a064-4cd4-b13d-b45c38d1d887
1653989610675	Marionette	INFO	Listening on port 61040
Read port: 61040
1653989610723	RemoteAgent	WARN	TLS certificate errors will be ignored for this session
1653989616100	Marionette	INFO	Stopped listening on port 61040
1653989710808	geckodriver	INFO	Listening on 127.0.0.1:61126
1653989713890	mozrunner::runner	INFO	Running command: "C:\\Program Files\\Mozilla Firefox\\firefox.exe" "--marionette" "--remote-debugging-port" "61127" "--remote-allow-hosts" "localhost" "-no-remote" "-profile" "C:\\Users\\Amani\\AppData\\Local\\Temp\\rust_mozprofile6pRfNY"
1653989714270	Marionette	INFO	Marionette enabled
console.warn: SearchSettings: "get: No settings file exists, new profile?" (new NotFoundError("Could not open the file at C:\\Users\\Amani\\AppData\\Local\\Temp\\rust_mozprofile6pRfNY\\search.json.mozlz4", (void 0)))
DevTools listening on ws://localhost:61127/devtools/browser/b9c09ba0-e756-4647-ae08-aa9a9fca0589
1653989716653	Marionette	INFO	Listening on port 61153
Read port: 61153
1653989716750	RemoteAgent	WARN	TLS certificate errors will be ignored for this session
1653989722098	Marionette	INFO	Stopped listening on port 61153
[Parent 19512, IPC I/O Parent] WARNING: file /builds/worker/checkouts/gecko/ipc/chromium/src/base/process_util_win.cc:167
1653990798713	geckodriver	INFO	Listening on 127.0.0.1:61948
1653990801743	mozrunner::runner	INFO	Running command: "C:\\Program Files\\Mozilla Firefox\\firefox.exe" "--marionette" "--remote-debugging-port" "61949" "--remote-allow-hosts" "localhost" "-no-remote" "-profile" "C:\\Users\\Amani\\AppData\\Local\\Temp\\rust_mozprofilerFuwzp"
1653990802135	Marionette	INFO	Marionette enabled
console.warn: SearchSettings: "get: No settings file exists, new profile?" (new NotFoundError("Could not open the file at C:\\Users\\Amani\\AppData\\Local\\Temp\\rust_mozprofilerFuwzp\\search.json.mozlz4", (void 0)))
DevTools listening on ws://localhost:61949/devtools/browser/81fb45e7-8cd4-46b4-b18f-2e9eed705b33
1653990804703	Marionette	INFO	Listening on port 61975
Read port: 61975
1653990804748	RemoteAgent	WARN	TLS certificate errors will be ignored for this session
1653990810222	Marionette	INFO	Stopped listening on port 61975
1653991134652	geckodriver	INFO	Listening on 127.0.0.1:62228
1653991137685	mozrunner::runner	INFO	Running command: "C:\\Program Files\\Mozilla Firefox\\firefox.exe" "--marionette" "--remote-debugging-port" "62229" "--remote-allow-hosts" "localhost" "-no-remote" "-profile" "C:\\Users\\Amani\\AppData\\Local\\Temp\\rust_mozprofileEqiJoN"
1653991138187	Marionette	INFO	Marionette enabled
console.warn: SearchSettings: "get: No settings file exists, new profile?" (new NotFoundError("Could not open the file at C:\\Users\\Amani\\AppData\\Local\\Temp\\rust_mozprofileEqiJoN\\search.json.mozlz4", (void 0)))
DevTools listening on ws://localhost:62229/devtools/browser/f37f2e93-d38e-4adc-97ac-69a28ce77e5a
1653991140605	Marionette	INFO	Listening on port 62254
Read port: 62254
1653991140666	RemoteAgent	WARN	TLS certificate errors will be ignored for this session
console.warn: LoginRecipes: "getRecipes: falling back to a synchronous message for:" "http://localhost:8000"
1653991146135	Marionette	INFO	Stopped listening on port 62254
1653991231079	geckodriver	INFO	Listening on 127.0.0.1:62383
1653991234145	mozrunner::runner	INFO	Running command: "C:\\Program Files\\Mozilla Firefox\\firefox.exe" "--marionette" "--remote-debugging-port" "62384" "--remote-allow-hosts" "localhost" "-no-remote" "-profile" "C:\\Users\\Amani\\AppData\\Local\\Temp\\rust_mozprofilehVfDrB"
1653991234585	Marionette	INFO	Marionette enabled
console.warn: SearchSettings: "get: No settings file exists, new profile?" (new NotFoundError("Could not open the file at C:\\Users\\Amani\\AppData\\Local\\Temp\\rust_mozprofilehVfDrB\\search.json.mozlz4", (void 0)))
DevTools listening on ws://localhost:62384/devtools/browser/6ab7720a-ec68-4706-9235-3e62c9c9a3be
1653991237017	Marionette	INFO	Listening on port 62410
Read port: 62410
1653991237088	RemoteAgent	WARN	TLS certificate errors will be ignored for this session
console.warn: LoginRecipes: "getRecipes: falling back to a synchronous message for:" "http://localhost:8000"
1653991242588	Marionette	INFO	Stopped listening on port 62410

###!!! [Parent][PGPUParent] Error: RunMessage(msgname=PGPU::Msg_ShutdownVR) Channel closing: too late to send/recv, messages will be lost

1653992026548	geckodriver	INFO	Listening on 127.0.0.1:62911
1653992029583	mozrunner::runner	INFO	Running command: "C:\\Program Files\\Mozilla Firefox\\firefox.exe" "--marionette" "--remote-debugging-port" "62912" "--remote-allow-hosts" "localhost" "-no-remote" "-profile" "C:\\Users\\Amani\\AppData\\Local\\Temp\\rust_mozprofile2FCXO3"
1653992029979	Marionette	INFO	Marionette enabled
console.warn: SearchSettings: "get: No settings file exists, new profile?" (new NotFoundError("Could not open the file at C:\\Users\\Amani\\AppData\\Local\\Temp\\rust_mozprofile2FCXO3\\search.json.mozlz4", (void 0)))
DevTools listening on ws://localhost:62912/devtools/browser/219803e0-ec3d-43cc-994f-5e9b85d98aa1
1653992032682	Marionette	INFO	Listening on port 62938
Read port: 62938
1653992032733	RemoteAgent	WARN	TLS certificate errors will be ignored for this session
console.warn: LoginRecipes: "getRecipes: falling back to a synchronous message for:" "http://localhost:8000"
1653992038298	Marionette	INFO	Stopped listening on port 62938
1654016842637	geckodriver	INFO	Listening on 127.0.0.1:50861
1654016845676	mozrunner::runner	INFO	Running command: "C:\\Program Files\\Mozilla Firefox\\firefox.exe" "--marionette" "--remote-debugging-port" "50862" "--remote-allow-hosts" "localhost" "-no-remote" "-profile" "C:\\Users\\Amani\\AppData\\Local\\Temp\\rust_mozprofile2DwYlZ"
1654016846276	Marionette	INFO	Marionette enabled
console.warn: SearchSettings: "get: No settings file exists, new profile?" (new NotFoundError("Could not open the file at C:\\Users\\Amani\\AppData\\Local\\Temp\\rust_mozprofile2DwYlZ\\search.json.mozlz4", (void 0)))
DevTools listening on ws://localhost:50862/devtools/browser/a6d8f57f-6bcb-4879-a89a-03731b87f71c
1654016848865	Marionette	INFO	Listening on port 50889
Read port: 50889
1654016848944	RemoteAgent	WARN	TLS certificate errors will be ignored for this session
1654016849073	Marionette	INFO	Stopped listening on port 50889
JavaScript error: resource://gre/modules/TerminatorTelemetry.jsm, line 71: AbortError: IOUtils: Shutting down and refusing additional I/O tasks
1654016866364	geckodriver	INFO	Listening on 127.0.0.1:50906
1654016869412	mozrunner::runner	INFO	Running command: "C:\\Program Files\\Mozilla Firefox\\firefox.exe" "--marionette" "--remote-debugging-port" "50907" "--remote-allow-hosts" "localhost" "-no-remote" "-profile" "C:\\Users\\Amani\\AppData\\Local\\Temp\\rust_mozprofileZUjio3"
1654016869836	Marionette	INFO	Marionette enabled
console.warn: SearchSettings: "get: No settings file exists, new profile?" (new NotFoundError("Could not open the file at C:\\Users\\Amani\\AppData\\Local\\Temp\\rust_mozprofileZUjio3\\search.json.mozlz4", (void 0)))
DevTools listening on ws://localhost:50907/devtools/browser/7633730b-ec59-4c31-b093-133b55febbc7
1654016872248	Marionette	INFO	Listening on port 50937
Read port: 50937
1654016872367	RemoteAgent	WARN	TLS certificate errors will be ignored for this session
1654016872478	Marionette	INFO	Stopped listening on port 50937
JavaScript error: resource://gre/modules/TerminatorTelemetry.jsm, line 71: AbortError: IOUtils: Shutting down and refusing additional I/O tasks
1654016931567	geckodriver	INFO	Listening on 127.0.0.1:50983
1654016934594	mozrunner::runner	INFO	Running command: "C:\\Program Files\\Mozilla Firefox\\firefox.exe" "--marionette" "--remote-debugging-port" "50984" "--remote-allow-hosts" "localhost" "-no-remote" "-profile" "C:\\Users\\Amani\\AppData\\Local\\Temp\\rust_mozprofile4hCCxP"
1654016934989	Marionette	INFO	Marionette enabled
console.warn: SearchSettings: "get: No settings file exists, new profile?" (new NotFoundError("Could not open the file at C:\\Users\\Amani\\AppData\\Local\\Temp\\rust_mozprofile4hCCxP\\search.json.mozlz4", (void 0)))
DevTools listening on ws://localhost:50984/devtools/browser/9ca66f72-83fb-4008-99ff-67e06dea4507
1654016937523	Marionette	INFO	Listening on port 51013
Read port: 51013
1654016937645	RemoteAgent	WARN	TLS certificate errors will be ignored for this session
1654016937758	Marionette	INFO	Stopped listening on port 51013
JavaScript error: resource://gre/modules/TerminatorTelemetry.jsm, line 71: AbortError: IOUtils: Shutting down and refusing additional I/O tasks
1654017053131	geckodriver	INFO	Listening on 127.0.0.1:51102
1654017056168	mozrunner::runner	INFO	Running command: "C:\\Program Files\\Mozilla Firefox\\firefox.exe" "--marionette" "--remote-debugging-port" "51103" "--remote-allow-hosts" "localhost" "-no-remote" "-profile" "C:\\Users\\Amani\\AppData\\Local\\Temp\\rust_mozprofileM8AIc8"
1654017056572	Marionette	INFO	Marionette enabled
console.warn: SearchSettings: "get: No settings file exists, new profile?" (new NotFoundError("Could not open the file at C:\\Users\\Amani\\AppData\\Local\\Temp\\rust_mozprofileM8AIc8\\search.json.mozlz4", (void 0)))
DevTools listening on ws://localhost:51103/devtools/browser/b4f42db6-fdd4-40a6-8e85-e4a58c33b303
1654017058907	Marionette	INFO	Listening on port 51129
Read port: 51129
1654017059026	RemoteAgent	WARN	TLS certificate errors will be ignored for this session
1654017059152	Marionette	INFO	Stopped listening on port 51129
JavaScript error: resource://gre/modules/TerminatorTelemetry.jsm, line 71: AbortError: IOUtils: Shutting down and refusing additional I/O tasks

###!!! [Parent][PGPUParent] Error: RunMessage(msgname=PGPU::Msg_ShutdownVR) Channel closing: too late to send/recv, messages will be lost

1654017082238	geckodriver	INFO	Listening on 127.0.0.1:51150
1654017085282	mozrunner::runner	INFO	Running command: "C:\\Program Files\\Mozilla Firefox\\firefox.exe" "--marionette" "--remote-debugging-port" "51151" "--remote-allow-hosts" "localhost" "-no-remote" "-profile" "C:\\Users\\Amani\\AppData\\Local\\Temp\\rust_mozprofileQ6UN2N"
1654017085738	Marionette	INFO	Marionette enabled
console.warn: SearchSettings: "get: No settings file exists, new profile?" (new NotFoundError("Could not open the file at C:\\Users\\Amani\\AppData\\Local\\Temp\\rust_mozprofileQ6UN2N\\search.json.mozlz4", (void 0)))
DevTools listening on ws://localhost:51151/devtools/browser/f0fc8b7f-34c5-4d30-9d36-4fe668eb9e2e
1654017088125	Marionette	INFO	Listening on port 51182
Read port: 51182
1654017088204	RemoteAgent	WARN	TLS certificate errors will be ignored for this session
1654017088343	Marionette	INFO	Stopped listening on port 51182
JavaScript error: resource://gre/modules/TerminatorTelemetry.jsm, line 71: AbortError: IOUtils: Shutting down and refusing additional I/O tasks
1654017150173	geckodriver	INFO	Listening on 127.0.0.1:51226
1654017153223	mozrunner::runner	INFO	Running command: "C:\\Program Files\\Mozilla Firefox\\firefox.exe" "--marionette" "--remote-debugging-port" "51227" "--remote-allow-hosts" "localhost" "-no-remote" "-profile" "C:\\Users\\Amani\\AppData\\Local\\Temp\\rust_mozprofileBzPVMW"
1654017153616	Marionette	INFO	Marionette enabled
console.warn: SearchSettings: "get: No settings file exists, new profile?" (new NotFoundError("Could not open the file at C:\\Users\\Amani\\AppData\\Local\\Temp\\rust_mozprofileBzPVMW\\search.json.mozlz4", (void 0)))
DevTools listening on ws://localhost:51227/devtools/browser/4c27c33b-305c-489e-b9eb-59d8ca5474f7
1654017155959	Marionette	INFO	Listening on port 51255
Read port: 51255
1654017156027	RemoteAgent	WARN	TLS certificate errors will be ignored for this session
1654017156149	Marionette	INFO	Stopped listening on port 51255
JavaScript error: resource://gre/modules/TerminatorTelemetry.jsm, line 71: AbortError: IOUtils: Shutting down and refusing additional I/O tasks
1654092715939	geckodriver	INFO	Listening on 127.0.0.1:51564
1654092718984	mozrunner::runner	INFO	Running command: "C:\\Program Files\\Mozilla Firefox\\firefox.exe" "--marionette" "--remote-debugging-port" "51565" "--remote-allow-hosts" "localhost" "-no-remote" "-profile" "C:\\Users\\Amani\\AppData\\Local\\Temp\\rust_mozprofilepDuSSh"
1654092719600	Marionette	INFO	Marionette enabled
console.warn: SearchSettings: "get: No settings file exists, new profile?" (new NotFoundError("Could not open the file at C:\\Users\\Amani\\AppData\\Local\\Temp\\rust_mozprofilepDuSSh\\search.json.mozlz4", (void 0)))
DevTools listening on ws://localhost:51565/devtools/browser/21aef558-63d8-461c-b710-d94e9c5c01db
1654092722521	Marionette	INFO	Listening on port 51593
Read port: 51593
1654092722564	RemoteAgent	WARN	TLS certificate errors will be ignored for this session
1654092729074	Marionette	INFO	Stopped listening on port 51593
1654093116201	geckodriver	INFO	Listening on 127.0.0.1:51944
1654093119239	mozrunner::runner	INFO	Running command: "C:\\Program Files\\Mozilla Firefox\\firefox.exe" "--marionette" "--remote-debugging-port" "51945" "--remote-allow-hosts" "localhost" "-no-remote" "-profile" "C:\\Users\\Amani\\AppData\\Local\\Temp\\rust_mozprofileFcr99Y"
1654093119666	Marionette	INFO	Marionette enabled
console.warn: SearchSettings: "get: No settings file exists, new profile?" (new NotFoundError("Could not open the file at C:\\Users\\Amani\\AppData\\Local\\Temp\\rust_mozprofileFcr99Y\\search.json.mozlz4", (void 0)))
DevTools listening on ws://localhost:51945/devtools/browser/724d0365-32ef-4f6e-8ea6-9c33d7e27cd6
1654093122070	Marionette	INFO	Listening on port 51970
Read port: 51970
1654093122177	RemoteAgent	WARN	TLS certificate errors will be ignored for this session
1654093128613	Marionette	INFO	Stopped listening on port 51970
1654093233718	geckodriver	INFO	Listening on 127.0.0.1:52064
1654093236751	mozrunner::runner	INFO	Running command: "C:\\Program Files\\Mozilla Firefox\\firefox.exe" "--marionette" "--remote-debugging-port" "52065" "--remote-allow-hosts" "localhost" "-no-remote" "-profile" "C:\\Users\\Amani\\AppData\\Local\\Temp\\rust_mozprofileX3ND0x"
1654093237154	Marionette	INFO	Marionette enabled
console.warn: SearchSettings: "get: No settings file exists, new profile?" (new NotFoundError("Could not open the file at C:\\Users\\Amani\\AppData\\Local\\Temp\\rust_mozprofileX3ND0x\\search.json.mozlz4", (void 0)))
DevTools listening on ws://localhost:52065/devtools/browser/a12cfff8-2f51-4d52-8dbe-a05d342794fc
1654093239506	Marionette	INFO	Listening on port 52091
Read port: 52091
1654093239544	RemoteAgent	WARN	TLS certificate errors will be ignored for this session
1654093239905	Marionette	INFO	Stopped listening on port 52091
JavaScript error: resource://gre/modules/TerminatorTelemetry.jsm, line 71: AbortError: IOUtils: Shutting down and refusing additional I/O tasks
1654093293651	geckodriver	INFO	Listening on 127.0.0.1:52150
1654093296703	mozrunner::runner	INFO	Running command: "C:\\Program Files\\Mozilla Firefox\\firefox.exe" "--marionette" "--remote-debugging-port" "52151" "--remote-allow-hosts" "localhost" "-no-remote" "-profile" "C:\\Users\\Amani\\AppData\\Local\\Temp\\rust_mozprofileG54LM9"
1654093297088	Marionette	INFO	Marionette enabled
console.warn: SearchSettings: "get: No settings file exists, new profile?" (new NotFoundError("Could not open the file at C:\\Users\\Amani\\AppData\\Local\\Temp\\rust_mozprofileG54LM9\\search.json.mozlz4", (void 0)))
DevTools listening on ws://localhost:52151/devtools/browser/c6deeea1-3598-4c5b-98f7-ba6bba59003c
1654093299373	Marionette	INFO	Listening on port 52177
Read port: 52177
1654093299410	RemoteAgent	WARN	TLS certificate errors will be ignored for this session
1654093299790	Marionette	INFO	Stopped listening on port 52177
JavaScript error: resource://gre/modules/TerminatorTelemetry.jsm, line 71: AbortError: IOUtils: Shutting down and refusing additional I/O tasks
1654093588974	geckodriver	INFO	Listening on 127.0.0.1:52385
1654093591976	mozrunner::runner	INFO	Running command: "C:\\Program Files\\Mozilla Firefox\\firefox.exe" "--marionette" "--remote-debugging-port" "52386" "--remote-allow-hosts" "localhost" "-no-remote" "-profile" "C:\\Users\\Amani\\AppData\\Local\\Temp\\rust_mozprofileBgDKBY"
1654093592368	Marionette	INFO	Marionette enabled
console.warn: SearchSettings: "get: No settings file exists, new profile?" (new NotFoundError("Could not open the file at C:\\Users\\Amani\\AppData\\Local\\Temp\\rust_mozprofileBgDKBY\\search.json.mozlz4", (void 0)))
DevTools listening on ws://localhost:52386/devtools/browser/ff2b7f83-e79a-4104-8ad2-0a99b078aaaf
1654093594831	Marionette	INFO	Listening on port 52413
Read port: 52413
1654093594924	RemoteAgent	WARN	TLS certificate errors will be ignored for this session
1654093595283	Marionette	INFO	Stopped listening on port 52413
1655220498233	geckodriver	INFO	Listening on 127.0.0.1:62102
1655220501273	mozrunner::runner	INFO	Running command: "C:\\Program Files\\Mozilla Firefox\\firefox.exe" "--marionette" "--remote-debugging-port" "62103" "--remote-allow-hosts" "localhost" "-no-remote" "-profile" "C:\\Users\\Amani\\AppData\\Local\\Temp\\rust_mozprofilep0HgFQ"
1655220501994	Marionette	INFO	Marionette enabled
console.error: Region.jsm: "Error fetching region" (new TypeError("NetworkError when attempting to fetch resource.", ""))
console.error: Region.jsm: "Failed to fetch region" (new Error("NO_RESULT", "resource://gre/modules/Region.jsm", 419))
console.warn: SearchSettings: "get: No settings file exists, new profile?" (new NotFoundError("Could not open the file at C:\\Users\\Amani\\AppData\\Local\\Temp\\rust_mozprofilep0HgFQ\\search.json.mozlz4", (void 0)))
console.warn: TopSitesFeed: Failed to fetch data from Contile server: NetworkError when attempting to fetch resource.
DevTools listening on ws://localhost:62103/devtools/browser/340c3011-2840-4c7e-9549-f511415b169a
1655220505023	Marionette	INFO	Listening on port 62124
Read port: 62124
1655220505113	RemoteAgent	WARN	TLS certificate errors will be ignored for this session
1655220505135	Marionette	INFO	Stopped listening on port 62124

###!!! [Parent][PGPUParent] Error: RunMessage(msgname=PGPU::Msg_ShutdownVR) Channel closing: too late to send/recv, messages will be lost

1655220506100	geckodriver	INFO	Listening on 127.0.0.1:62126
1655220509148	mozrunner::runner	INFO	Running command: "C:\\Program Files\\Mozilla Firefox\\firefox.exe" "--marionette" "--remote-debugging-port" "62127" "--remote-allow-hosts" "localhost" "-no-remote" "-profile" "C:\\Users\\Amani\\AppData\\Local\\Temp\\rust_mozprofileKOliGK"
1655220509665	Marionette	INFO	Marionette enabled
console.error: Region.jsm: "Error fetching region" (new TypeError("NetworkError when attempting to fetch resource.", ""))
console.error: Region.jsm: "Failed to fetch region" (new Error("NO_RESULT", "resource://gre/modules/Region.jsm", 419))
console.warn: SearchSettings: "get: No settings file exists, new profile?" (new NotFoundError("Could not open the file at C:\\Users\\Amani\\AppData\\Local\\Temp\\rust_mozprofileKOliGK\\search.json.mozlz4", (void 0)))
console.warn: TopSitesFeed: Failed to fetch data from Contile server: NetworkError when attempting to fetch resource.
DevTools listening on ws://localhost:62127/devtools/browser/618c5f50-74d2-4208-befe-6b5c587535ce
1655220512676	Marionette	INFO	Listening on port 62144
Read port: 62144
1655220512734	RemoteAgent	WARN	TLS certificate errors will be ignored for this session
JavaScript error: resource://gre/modules/XULStore.jsm, line 66: Error: Can't find profile directory.
JavaScript error: resource://gre/modules/XULStore.jsm, line 66: Error: Can't find profile directory.
console.warn: LoginRecipes: "getRecipes: falling back to a synchronous message for:" "http://localhost:62101"
1655220516345	Marionette	INFO	Stopped listening on port 62144
1655220517304	geckodriver	INFO	Listening on 127.0.0.1:62152
1655220520344	mozrunner::runner	INFO	Running command: "C:\\Program Files\\Mozilla Firefox\\firefox.exe" "--marionette" "--remote-debugging-port" "62153" "--remote-allow-hosts" "localhost" "-no-remote" "-profile" "C:\\Users\\Amani\\AppData\\Local\\Temp\\rust_mozprofilex3aaDx"
1655220520852	Marionette	INFO	Marionette enabled
console.error: Region.jsm: "Error fetching region" (new TypeError("NetworkError when attempting to fetch resource.", ""))
console.error: Region.jsm: "Failed to fetch region" (new Error("NO_RESULT", "resource://gre/modules/Region.jsm", 419))
console.warn: SearchSettings: "get: No settings file exists, new profile?" (new NotFoundError("Could not open the file at C:\\Users\\Amani\\AppData\\Local\\Temp\\rust_mozprofilex3aaDx\\search.json.mozlz4", (void 0)))
console.warn: TopSitesFeed: Failed to fetch data from Contile server: NetworkError when attempting to fetch resource.
DevTools listening on ws://localhost:62153/devtools/browser/5f380053-e22e-4538-8644-46005d718bc4
1655220523710	Marionette	INFO	Listening on port 62170
Read port: 62170
1655220523831	RemoteAgent	WARN	TLS certificate errors will be ignored for this session
1655220523850	Marionette	INFO	Stopped listening on port 62170

###!!! [Parent][PGPUParent] Error: RunMessage(msgname=PGPU::Msg_ShutdownVR) Channel closing: too late to send/recv, messages will be lost

1655220763865	geckodriver	INFO	Listening on 127.0.0.1:62315
1655220766914	mozrunner::runner	INFO	Running command: "C:\\Program Files\\Mozilla Firefox\\firefox.exe" "--marionette" "--remote-debugging-port" "62316" "--remote-allow-hosts" "localhost" "-no-remote" "-profile" "C:\\Users\\Amani\\AppData\\Local\\Temp\\rust_mozprofile2aGTa7"
1655220767380	Marionette	INFO	Marionette enabled
console.error: Region.jsm: "Error fetching region" (new TypeError("NetworkError when attempting to fetch resource.", ""))
console.error: Region.jsm: "Failed to fetch region" (new Error("NO_RESULT", "resource://gre/modules/Region.jsm", 419))
console.warn: SearchSettings: "get: No settings file exists, new profile?" (new NotFoundError("Could not open the file at C:\\Users\\Amani\\AppData\\Local\\Temp\\rust_mozprofile2aGTa7\\search.json.mozlz4", (void 0)))
console.warn: TopSitesFeed: Failed to fetch data from Contile server: NetworkError when attempting to fetch resource.
DevTools listening on ws://localhost:62316/devtools/browser/e560eb34-abcf-47d9-ad0c-ee480d3e5650
1655220769874	Marionette	INFO	Listening on port 62332
Read port: 62332
1655220769984	RemoteAgent	WARN	TLS certificate errors will be ignored for this session
1655220770003	Marionette	INFO	Stopped listening on port 62332
JavaScript error: resource://gre/modules/TerminatorTelemetry.jsm, line 71: AbortError: IOUtils: Shutting down and refusing additional I/O tasks
1655220770754	geckodriver	INFO	Listening on 127.0.0.1:62334
1655220773798	mozrunner::runner	INFO	Running command: "C:\\Program Files\\Mozilla Firefox\\firefox.exe" "--marionette" "--remote-debugging-port" "62335" "--remote-allow-hosts" "localhost" "-no-remote" "-profile" "C:\\Users\\Amani\\AppData\\Local\\Temp\\rust_mozprofileCRwtil"
1655220774272	Marionette	INFO	Marionette enabled
console.error: Region.jsm: "Error fetching region" (new TypeError("NetworkError when attempting to fetch resource.", ""))
console.error: Region.jsm: "Failed to fetch region" (new Error("NO_RESULT", "resource://gre/modules/Region.jsm", 419))
console.warn: SearchSettings: "get: No settings file exists, new profile?" (new NotFoundError("Could not open the file at C:\\Users\\Amani\\AppData\\Local\\Temp\\rust_mozprofileCRwtil\\search.json.mozlz4", (void 0)))
console.warn: TopSitesFeed: Failed to fetch data from Contile server: NetworkError when attempting to fetch resource.
DevTools listening on ws://localhost:62335/devtools/browser/a827d894-f441-4cbb-b46c-8e784c43745f
1655220776925	Marionette	INFO	Listening on port 62351
Read port: 62351
1655220776979	RemoteAgent	WARN	TLS certificate errors will be ignored for this session
JavaScript error: resource://gre/modules/XULStore.jsm, line 66: Error: Can't find profile directory.
JavaScript error: resource://gre/modules/XULStore.jsm, line 66: Error: Can't find profile directory.
console.warn: LoginRecipes: "getRecipes: falling back to a synchronous message for:" "http://localhost:62314"
1655220780441	Marionette	INFO	Stopped listening on port 62351

###!!! [Parent][PGPUParent] Error: Send(msgname=PGPU::Msg_AccumulateChildHistograms) Channel closing: too late to send/recv, messages will be lost


###!!! [Parent][PGPUParent] Error: Send(msgname=PGPU::Msg_AccumulateChildKeyedHistograms) Channel closing: too late to send/recv, messages will be lost


###!!! [Parent][PGPUParent] Error: Send(msgname=PGPU::Msg_RecordDiscardedData) Channel closing: too late to send/recv, messages will be lost

1655220781365	geckodriver	INFO	Listening on 127.0.0.1:62360
1655220784391	mozrunner::runner	INFO	Running command: "C:\\Program Files\\Mozilla Firefox\\firefox.exe" "--marionette" "--remote-debugging-port" "62361" "--remote-allow-hosts" "localhost" "-no-remote" "-profile" "C:\\Users\\Amani\\AppData\\Local\\Temp\\rust_mozprofileiYJDw7"
1655220784892	Marionette	INFO	Marionette enabled
console.error: Region.jsm: "Error fetching region" (new TypeError("NetworkError when attempting to fetch resource.", ""))
console.error: Region.jsm: "Failed to fetch region" (new Error("NO_RESULT", "resource://gre/modules/Region.jsm", 419))
console.warn: SearchSettings: "get: No settings file exists, new profile?" (new NotFoundError("Could not open the file at C:\\Users\\Amani\\AppData\\Local\\Temp\\rust_mozprofileiYJDw7\\search.json.mozlz4", (void 0)))
console.warn: TopSitesFeed: Failed to fetch data from Contile server: NetworkError when attempting to fetch resource.
DevTools listening on ws://localhost:62361/devtools/browser/c3360f67-d730-47a2-bde2-9fa8648adc09
1655220787480	Marionette	INFO	Listening on port 62377
Read port: 62377
1655220787537	RemoteAgent	WARN	TLS certificate errors will be ignored for this session
1655220787560	Marionette	INFO	Stopped listening on port 62377
JavaScript error: resource://gre/modules/TerminatorTelemetry.jsm, line 71: AbortError: IOUtils: Shutting down and refusing additional I/O tasks

###!!! [Parent][PGPUParent] Error: RunMessage(msgname=PGPU::Msg_ShutdownVR) Channel closing: too late to send/recv, messages will be lost

1655220813941	geckodriver	INFO	Listening on 127.0.0.1:62396
1655220816980	mozrunner::runner	INFO	Running command: "C:\\Program Files\\Mozilla Firefox\\firefox.exe" "--marionette" "--remote-debugging-port" "62397" "--remote-allow-hosts" "localhost" "-no-remote" "-profile" "C:\\Users\\Amani\\AppData\\Local\\Temp\\rust_mozprofile2Hhi3g"
1655220817444	Marionette	INFO	Marionette enabled
console.error: Region.jsm: "Error fetching region" (new TypeError("NetworkError when attempting to fetch resource.", ""))
console.error: Region.jsm: "Failed to fetch region" (new Error("NO_RESULT", "resource://gre/modules/Region.jsm", 419))
console.warn: SearchSettings: "get: No settings file exists, new profile?" (new NotFoundError("Could not open the file at C:\\Users\\Amani\\AppData\\Local\\Temp\\rust_mozprofile2Hhi3g\\search.json.mozlz4", (void 0)))
console.warn: TopSitesFeed: Failed to fetch data from Contile server: NetworkError when attempting to fetch resource.
DevTools listening on ws://localhost:62397/devtools/browser/f01a8b38-6634-439d-bd01-891aed6bea03
1655220819871	Marionette	INFO	Listening on port 62413
Read port: 62413
1655220819919	RemoteAgent	WARN	TLS certificate errors will be ignored for this session
1655220819937	Marionette	INFO	Stopped listening on port 62413

###!!! [Parent][PGPUParent] Error: RunMessage(msgname=PGPU::Msg_ShutdownVR) Channel closing: too late to send/recv, messages will be lost

1655220820709	geckodriver	INFO	Listening on 127.0.0.1:62415
1655220823763	mozrunner::runner	INFO	Running command: "C:\\Program Files\\Mozilla Firefox\\firefox.exe" "--marionette" "--remote-debugging-port" "62416" "--remote-allow-hosts" "localhost" "-no-remote" "-profile" "C:\\Users\\Amani\\AppData\\Local\\Temp\\rust_mozprofilek167EB"
1655220824260	Marionette	INFO	Marionette enabled
console.error: Region.jsm: "Error fetching region" (new TypeError("NetworkError when attempting to fetch resource.", ""))
console.error: Region.jsm: "Failed to fetch region" (new Error("NO_RESULT", "resource://gre/modules/Region.jsm", 419))
console.warn: SearchSettings: "get: No settings file exists, new profile?" (new NotFoundError("Could not open the file at C:\\Users\\Amani\\AppData\\Local\\Temp\\rust_mozprofilek167EB\\search.json.mozlz4", (void 0)))
console.warn: TopSitesFeed: Failed to fetch data from Contile server: NetworkError when attempting to fetch resource.
DevTools listening on ws://localhost:62416/devtools/browser/0cbb81c1-345c-4832-a4bb-6c122b03c54a
1655220826884	Marionette	INFO	Listening on port 62432
Read port: 62432
1655220827012	RemoteAgent	WARN	TLS certificate errors will be ignored for this session
JavaScript error: resource://gre/modules/XULStore.jsm, line 66: Error: Can't find profile directory.
JavaScript error: resource://gre/modules/XULStore.jsm, line 66: Error: Can't find profile directory.
console.warn: LoginRecipes: "getRecipes: falling back to a synchronous message for:" "http://localhost:62395"
1655220830484	Marionette	INFO	Stopped listening on port 62432
1655220844482	geckodriver	INFO	Listening on 127.0.0.1:62450
1655220847512	mozrunner::runner	INFO	Running command: "C:\\Program Files\\Mozilla Firefox\\firefox.exe" "--marionette" "--remote-debugging-port" "62451" "--remote-allow-hosts" "localhost" "-no-remote" "-profile" "C:\\Users\\Amani\\AppData\\Local\\Temp\\rust_mozprofileoyNIig"
1655220847991	Marionette	INFO	Marionette enabled
console.error: Region.jsm: "Error fetching region" (new TypeError("NetworkError when attempting to fetch resource.", ""))
console.error: Region.jsm: "Failed to fetch region" (new Error("NO_RESULT", "resource://gre/modules/Region.jsm", 419))
console.warn: SearchSettings: "get: No settings file exists, new profile?" (new NotFoundError("Could not open the file at C:\\Users\\Amani\\AppData\\Local\\Temp\\rust_mozprofileoyNIig\\search.json.mozlz4", (void 0)))
console.warn: TopSitesFeed: Failed to fetch data from Contile server: NetworkError when attempting to fetch resource.
DevTools listening on ws://localhost:62451/devtools/browser/1933b63e-74ea-4f56-9058-c30942b79d84
1655220850512	Marionette	INFO	Listening on port 62467
Read port: 62467
1655220850561	RemoteAgent	WARN	TLS certificate errors will be ignored for this session
1655220850576	Marionette	INFO	Stopped listening on port 62467
JavaScript error: resource://gre/modules/TerminatorTelemetry.jsm, line 71: AbortError: IOUtils: Shutting down and refusing additional I/O tasks
1655220851379	geckodriver	INFO	Listening on 127.0.0.1:62469
1655220854419	mozrunner::runner	INFO	Running command: "C:\\Program Files\\Mozilla Firefox\\firefox.exe" "--marionette" "--remote-debugging-port" "62470" "--remote-allow-hosts" "localhost" "-no-remote" "-profile" "C:\\Users\\Amani\\AppData\\Local\\Temp\\rust_mozprofilenc6744"
1655220854933	Marionette	INFO	Marionette enabled
console.error: Region.jsm: "Error fetching region" (new TypeError("NetworkError when attempting to fetch resource.", ""))
console.error: Region.jsm: "Failed to fetch region" (new Error("NO_RESULT", "resource://gre/modules/Region.jsm", 419))
console.warn: SearchSettings: "get: No settings file exists, new profile?" (new NotFoundError("Could not open the file at C:\\Users\\Amani\\AppData\\Local\\Temp\\rust_mozprofilenc6744\\search.json.mozlz4", (void 0)))
console.warn: TopSitesFeed: Failed to fetch data from Contile server: NetworkError when attempting to fetch resource.
DevTools listening on ws://localhost:62470/devtools/browser/9646b547-9bbf-4e66-896b-3a921130f93f
1655220857432	Marionette	INFO	Listening on port 62486
Read port: 62486
1655220857481	RemoteAgent	WARN	TLS certificate errors will be ignored for this session
JavaScript error: resource://gre/modules/XULStore.jsm, line 66: Error: Can't find profile directory.
JavaScript error: resource://gre/modules/XULStore.jsm, line 66: Error: Can't find profile directory.
console.warn: LoginRecipes: "getRecipes: falling back to a synchronous message for:" "http://localhost:62449"
1655220860928	Marionette	INFO	Stopped listening on port 62486
1655220861855	geckodriver	INFO	Listening on 127.0.0.1:62494
1655220864891	mozrunner::runner	INFO	Running command: "C:\\Program Files\\Mozilla Firefox\\firefox.exe" "--marionette" "--remote-debugging-port" "62495" "--remote-allow-hosts" "localhost" "-no-remote" "-profile" "C:\\Users\\Amani\\AppData\\Local\\Temp\\rust_mozprofileMzwErq"
1655220865364	Marionette	INFO	Marionette enabled
console.error: Region.jsm: "Error fetching region" (new TypeError("NetworkError when attempting to fetch resource.", ""))
console.error: Region.jsm: "Failed to fetch region" (new Error("NO_RESULT", "resource://gre/modules/Region.jsm", 419))
console.warn: SearchSettings: "get: No settings file exists, new profile?" (new NotFoundError("Could not open the file at C:\\Users\\Amani\\AppData\\Local\\Temp\\rust_mozprofileMzwErq\\search.json.mozlz4", (void 0)))
console.warn: TopSitesFeed: Failed to fetch data from Contile server: NetworkError when attempting to fetch resource.
DevTools listening on ws://localhost:62495/devtools/browser/16ef17ae-ba34-4e08-a3f8-0e1328197d53
1655220867883	Marionette	INFO	Listening on port 62515
Read port: 62515
1655220867989	RemoteAgent	WARN	TLS certificate errors will be ignored for this session
1655220868006	Marionette	INFO	Stopped listening on port 62515
JavaScript error: resource://gre/modules/TerminatorTelemetry.jsm, line 71: AbortError: IOUtils: Shutting down and refusing additional I/O tasks
1655221061088	geckodriver	INFO	Listening on 127.0.0.1:62630
1655221064121	mozrunner::runner	INFO	Running command: "C:\\Program Files\\Mozilla Firefox\\firefox.exe" "--marionette" "--remote-debugging-port" "62631" "--remote-allow-hosts" "localhost" "-no-remote" "-profile" "C:\\Users\\Amani\\AppData\\Local\\Temp\\rust_mozprofileSNABcL"
1655221064614	Marionette	INFO	Marionette enabled
console.error: Region.jsm: "Error fetching region" (new TypeError("NetworkError when attempting to fetch resource.", ""))
console.error: Region.jsm: "Failed to fetch region" (new Error("NO_RESULT", "resource://gre/modules/Region.jsm", 419))
console.warn: SearchSettings: "get: No settings file exists, new profile?" (new NotFoundError("Could not open the file at C:\\Users\\Amani\\AppData\\Local\\Temp\\rust_mozprofileSNABcL\\search.json.mozlz4", (void 0)))
console.warn: TopSitesFeed: Failed to fetch data from Contile server: NetworkError when attempting to fetch resource.
DevTools listening on ws://localhost:62631/devtools/browser/c88fd887-d667-41db-8128-07682d58f901
1655221067249	Marionette	INFO	Listening on port 62647
Read port: 62647
1655221067293	RemoteAgent	WARN	TLS certificate errors will be ignored for this session
1655221067311	Marionette	INFO	Stopped listening on port 62647
JavaScript error: resource://gre/modules/TerminatorTelemetry.jsm, line 71: AbortError: IOUtils: Shutting down and refusing additional I/O tasks
1655221068213	geckodriver	INFO	Listening on 127.0.0.1:62651
1655221071249	mozrunner::runner	INFO	Running command: "C:\\Program Files\\Mozilla Firefox\\firefox.exe" "--marionette" "--remote-debugging-port" "62652" "--remote-allow-hosts" "localhost" "-no-remote" "-profile" "C:\\Users\\Amani\\AppData\\Local\\Temp\\rust_mozprofileRVECg5"
1655221071696	Marionette	INFO	Marionette enabled
console.error: Region.jsm: "Error fetching region" (new TypeError("NetworkError when attempting to fetch resource.", ""))
console.error: Region.jsm: "Failed to fetch region" (new Error("NO_RESULT", "resource://gre/modules/Region.jsm", 419))
console.warn: SearchSettings: "get: No settings file exists, new profile?" (new NotFoundError("Could not open the file at C:\\Users\\Amani\\AppData\\Local\\Temp\\rust_mozprofileRVECg5\\search.json.mozlz4", (void 0)))
console.warn: TopSitesFeed: Failed to fetch data from Contile server: NetworkError when attempting to fetch resource.
DevTools listening on ws://localhost:62652/devtools/browser/6ca62fc8-968b-48ec-abdf-c5f104b1b4d2
1655221074192	Marionette	INFO	Listening on port 62668
Read port: 62668
1655221074256	RemoteAgent	WARN	TLS certificate errors will be ignored for this session
1655221074273	Marionette	INFO	Stopped listening on port 62668
JavaScript error: resource://gre/modules/TerminatorTelemetry.jsm, line 71: AbortError: IOUtils: Shutting down and refusing additional I/O tasks
1655221715109	geckodriver	INFO	Listening on 127.0.0.1:63114
1655221718171	mozrunner::runner	INFO	Running command: "C:\\Program Files\\Mozilla Firefox\\firefox.exe" "--marionette" "--remote-debugging-port" "63115" "--remote-allow-hosts" "localhost" "-no-remote" "-profile" "C:\\Users\\Amani\\AppData\\Local\\Temp\\rust_mozprofileVB3ttj"
1655221718650	Marionette	INFO	Marionette enabled
console.warn: SearchSettings: "get: No settings file exists, new profile?" (new NotFoundError("Could not open the file at C:\\Users\\Amani\\AppData\\Local\\Temp\\rust_mozprofileVB3ttj\\search.json.mozlz4", (void 0)))
DevTools listening on ws://localhost:63115/devtools/browser/f8543f27-41eb-45e0-90ad-8459fab743ab
1655221721302	Marionette	INFO	Listening on port 63140
Read port: 63140
1655221721435	RemoteAgent	WARN	TLS certificate errors will be ignored for this session
1655221721455	Marionette	INFO	Stopped listening on port 63140
console.warn: services.settings: main/query-stripping sync interrupted by shutdown
console.warn: TopSitesFeed: Failed to fetch data from Contile server: NetworkError when attempting to fetch resource.
JavaScript error: resource://gre/modules/TerminatorTelemetry.jsm, line 71: AbortError: IOUtils: Shutting down and refusing additional I/O tasks
1655221722259	geckodriver	INFO	Listening on 127.0.0.1:63144
1655221725284	mozrunner::runner	INFO	Running command: "C:\\Program Files\\Mozilla Firefox\\firefox.exe" "--marionette" "--remote-debugging-port" "63145" "--remote-allow-hosts" "localhost" "-no-remote" "-profile" "C:\\Users\\Amani\\AppData\\Local\\Temp\\rust_mozprofileIHkSCf"
1655221725726	Marionette	INFO	Marionette enabled
console.warn: SearchSettings: "get: No settings file exists, new profile?" (new NotFoundError("Could not open the file at C:\\Users\\Amani\\AppData\\Local\\Temp\\rust_mozprofileIHkSCf\\search.json.mozlz4", (void 0)))
DevTools listening on ws://localhost:63145/devtools/browser/c06810f1-08b1-4208-adad-9b9a6a1fdff1
1655221728573	Marionette	INFO	Listening on port 63173
Read port: 63173
1655221728712	RemoteAgent	WARN	TLS certificate errors will be ignored for this session
1655221728730	Marionette	INFO	Stopped listening on port 63173
console.error: services.settings: 
  main/query-stripping Signature failed  TypeError: NetworkError: Network request failed

###!!! [Parent][PGPUParent] Error: RunMessage(msgname=PGPU::Msg_ShutdownVR) Channel closing: too late to send/recv, messages will be lost

1655221752062	geckodriver	INFO	Listening on 127.0.0.1:63193
1655221755104	mozrunner::runner	INFO	Running command: "C:\\Program Files\\Mozilla Firefox\\firefox.exe" "--marionette" "--remote-debugging-port" "63194" "--remote-allow-hosts" "localhost" "-no-remote" "-profile" "C:\\Users\\Amani\\AppData\\Local\\Temp\\rust_mozprofiles1ESIV"
1655221755575	Marionette	INFO	Marionette enabled
console.warn: SearchSettings: "get: No settings file exists, new profile?" (new NotFoundError("Could not open the file at C:\\Users\\Amani\\AppData\\Local\\Temp\\rust_mozprofiles1ESIV\\search.json.mozlz4", (void 0)))
DevTools listening on ws://localhost:63194/devtools/browser/f9535a31-bd4b-4e30-81d1-4198e2b9c6db
1655221758271	Marionette	INFO	Listening on port 63222
Read port: 63222
1655221758397	RemoteAgent	WARN	TLS certificate errors will be ignored for this session
1655221758418	Marionette	INFO	Stopped listening on port 63222
console.warn: services.settings: main/query-stripping sync interrupted by shutdown
1655221759245	geckodriver	INFO	Listening on 127.0.0.1:63226
1655221762301	mozrunner::runner	INFO	Running command: "C:\\Program Files\\Mozilla Firefox\\firefox.exe" "--marionette" "--remote-debugging-port" "63227" "--remote-allow-hosts" "localhost" "-no-remote" "-profile" "C:\\Users\\Amani\\AppData\\Local\\Temp\\rust_mozprofilekH38dq"
1655221762788	Marionette	INFO	Marionette enabled
console.warn: SearchSettings: "get: No settings file exists, new profile?" (new NotFoundError("Could not open the file at C:\\Users\\Amani\\AppData\\Local\\Temp\\rust_mozprofilekH38dq\\search.json.mozlz4", (void 0)))
DevTools listening on ws://localhost:63227/devtools/browser/70674130-6743-432a-a537-4c6dd77c7ad5
1655221765461	Marionette	INFO	Listening on port 63254
Read port: 63254
1655221765502	RemoteAgent	WARN	TLS certificate errors will be ignored for this session
JavaScript error: resource://gre/modules/XULStore.jsm, line 66: Error: Can't find profile directory.
JavaScript error: resource://gre/modules/XULStore.jsm, line 66: Error: Can't find profile directory.
console.warn: LoginRecipes: "getRecipes: falling back to a synchronous message for:" "http://localhost:63192"
1655221769842	Marionette	INFO	Stopped listening on port 63254

###!!! [Parent][PGPUParent] Error: RunMessage(msgname=PGPU::Msg_ShutdownVR) Channel closing: too late to send/recv, messages will be lost

1655221770728	geckodriver	INFO	Listening on 127.0.0.1:63274
1655221773782	mozrunner::runner	INFO	Running command: "C:\\Program Files\\Mozilla Firefox\\firefox.exe" "--marionette" "--remote-debugging-port" "63275" "--remote-allow-hosts" "localhost" "-no-remote" "-profile" "C:\\Users\\Amani\\AppData\\Local\\Temp\\rust_mozprofilepYTe26"
1655221774388	Marionette	INFO	Marionette enabled
console.warn: SearchSettings: "get: No settings file exists, new profile?" (new NotFoundError("Could not open the file at C:\\Users\\Amani\\AppData\\Local\\Temp\\rust_mozprofilepYTe26\\search.json.mozlz4", (void 0)))
DevTools listening on ws://localhost:63275/devtools/browser/d2afbbdd-a529-4764-b1de-bc8ba4b51cca
1655221777072	Marionette	INFO	Listening on port 63303
Read port: 63303
1655221777177	RemoteAgent	WARN	TLS certificate errors will be ignored for this session
1655221777196	Marionette	INFO	Stopped listening on port 63303
console.warn: services.settings: main/query-stripping sync interrupted by shutdown
JavaScript error: resource://gre/modules/TerminatorTelemetry.jsm, line 71: AbortError: IOUtils: Shutting down and refusing additional I/O tasks

###!!! [Parent][PGPUParent] Error: RunMessage(msgname=PGPU::Msg_ShutdownVR) Channel closing: too late to send/recv, messages will be lost

1655221877183	geckodriver	INFO	Listening on 127.0.0.1:63370
1655221880204	mozrunner::runner	INFO	Running command: "C:\\Program Files\\Mozilla Firefox\\firefox.exe" "--marionette" "--remote-debugging-port" "63371" "--remote-allow-hosts" "localhost" "-no-remote" "-profile" "C:\\Users\\Amani\\AppData\\Local\\Temp\\rust_mozprofilecFl69c"
1655221880696	Marionette	INFO	Marionette enabled
console.warn: SearchSettings: "get: No settings file exists, new profile?" (new NotFoundError("Could not open the file at C:\\Users\\Amani\\AppData\\Local\\Temp\\rust_mozprofilecFl69c\\search.json.mozlz4", (void 0)))
DevTools listening on ws://localhost:63371/devtools/browser/f27488a5-9baa-4f18-8ee7-1c176129bb47
1655221883246	Marionette	INFO	Listening on port 63397
Read port: 63397
1655221883323	RemoteAgent	WARN	TLS certificate errors will be ignored for this session
1655221883345	Marionette	INFO	Stopped listening on port 63397
console.warn: services.settings: main/query-stripping sync interrupted by shutdown
JavaScript error: resource://gre/modules/TerminatorTelemetry.jsm, line 71: AbortError: IOUtils: Shutting down and refusing additional I/O tasks
1655221884247	geckodriver	INFO	Listening on 127.0.0.1:63403
1655221887320	mozrunner::runner	INFO	Running command: "C:\\Program Files\\Mozilla Firefox\\firefox.exe" "--marionette" "--remote-debugging-port" "63404" "--remote-allow-hosts" "localhost" "-no-remote" "-profile" "C:\\Users\\Amani\\AppData\\Local\\Temp\\rust_mozprofilezrfWtP"
1655221887827	Marionette	INFO	Marionette enabled
console.warn: SearchSettings: "get: No settings file exists, new profile?" (new NotFoundError("Could not open the file at C:\\Users\\Amani\\AppData\\Local\\Temp\\rust_mozprofilezrfWtP\\search.json.mozlz4", (void 0)))
DevTools listening on ws://localhost:63404/devtools/browser/0092eb06-87e5-4ec2-8909-4659b9c2e9b2
1655221890557	Marionette	INFO	Listening on port 63432
Read port: 63432
1655221890695	RemoteAgent	WARN	TLS certificate errors will be ignored for this session
JavaScript error: resource://gre/modules/XULStore.jsm, line 66: Error: Can't find profile directory.
JavaScript error: resource://gre/modules/XULStore.jsm, line 66: Error: Can't find profile directory.
console.warn: LoginRecipes: "getRecipes: falling back to a synchronous message for:" "http://localhost:63369"
1655221895044	Marionette	INFO	Stopped listening on port 63432
1655221895894	geckodriver	INFO	Listening on 127.0.0.1:63449
1655221898911	mozrunner::runner	INFO	Running command: "C:\\Program Files\\Mozilla Firefox\\firefox.exe" "--marionette" "--remote-debugging-port" "63450" "--remote-allow-hosts" "localhost" "-no-remote" "-profile" "C:\\Users\\Amani\\AppData\\Local\\Temp\\rust_mozprofilelVvjQO"
1655221899341	Marionette	INFO	Marionette enabled
console.warn: SearchSettings: "get: No settings file exists, new profile?" (new NotFoundError("Could not open the file at C:\\Users\\Amani\\AppData\\Local\\Temp\\rust_mozprofilelVvjQO\\search.json.mozlz4", (void 0)))
DevTools listening on ws://localhost:63450/devtools/browser/417c9a54-df93-4e8a-8376-ef84c63eb24e
1655221901851	Marionette	INFO	Listening on port 63477
Read port: 63477
1655221901942	RemoteAgent	WARN	TLS certificate errors will be ignored for this session
1655221901959	Marionette	INFO	Stopped listening on port 63477
console.warn: services.settings: main/query-stripping sync interrupted by shutdown
JavaScript error: resource://gre/modules/TerminatorTelemetry.jsm, line 71: AbortError: IOUtils: Shutting down and refusing additional I/O tasks
1655225104430	geckodriver	INFO	Listening on 127.0.0.1:63483
1655225107457	mozrunner::runner	INFO	Running command: "C:\\Program Files\\Mozilla Firefox\\firefox.exe" "--marionette" "--remote-debugging-port" "63484" "--remote-allow-hosts" "localhost" "-no-remote" "-profile" "C:\\Users\\Amani\\AppData\\Local\\Temp\\rust_mozprofileq7rRln"
1655225108015	Marionette	INFO	Marionette enabled
console.warn: SearchSettings: "get: No settings file exists, new profile?" (new NotFoundError("Could not open the file at C:\\Users\\Amani\\AppData\\Local\\Temp\\rust_mozprofileq7rRln\\search.json.mozlz4", (void 0)))
DevTools listening on ws://localhost:63484/devtools/browser/37a84236-d1d6-4d7c-b73f-2b15eadd967f
1655225110645	Marionette	INFO	Listening on port 63510
Read port: 63510
1655225110713	RemoteAgent	WARN	TLS certificate errors will be ignored for this session
1655225110729	Marionette	INFO	Stopped listening on port 63510
console.warn: TopSitesFeed: Failed to fetch data from Contile server: NetworkError when attempting to fetch resource.
console.error: Region.jsm: "Error fetching region" (new TypeError("NetworkError when attempting to fetch resource.", ""))
console.error: Region.jsm: "Failed to fetch region" (new Error("NO_RESULT", "resource://gre/modules/Region.jsm", 419))
JavaScript error: resource://gre/modules/TerminatorTelemetry.jsm, line 71: AbortError: IOUtils: Shutting down and refusing additional I/O tasks
1655225111582	geckodriver	INFO	Listening on 127.0.0.1:63513
1655225114630	mozrunner::runner	INFO	Running command: "C:\\Program Files\\Mozilla Firefox\\firefox.exe" "--marionette" "--remote-debugging-port" "63514" "--remote-allow-hosts" "localhost" "-no-remote" "-profile" "C:\\Users\\Amani\\AppData\\Local\\Temp\\rust_mozprofile8BDB1Q"
1655225115106	Marionette	INFO	Marionette enabled
console.warn: SearchSettings: "get: No settings file exists, new profile?" (new NotFoundError("Could not open the file at C:\\Users\\Amani\\AppData\\Local\\Temp\\rust_mozprofile8BDB1Q\\search.json.mozlz4", (void 0)))
DevTools listening on ws://localhost:63514/devtools/browser/d4b75143-8cdc-4c5a-b13e-605671fa1aab
1655225117738	Marionette	INFO	Listening on port 63542
Read port: 63542
1655225117790	RemoteAgent	WARN	TLS certificate errors will be ignored for this session
JavaScript error: resource://gre/modules/XULStore.jsm, line 66: Error: Can't find profile directory.
JavaScript error: resource://gre/modules/XULStore.jsm, line 66: Error: Can't find profile directory.
console.warn: LoginRecipes: "getRecipes: falling back to a synchronous message for:" "http://localhost:63482"
1655225121590	Marionette	INFO	Stopped listening on port 63542
1655225122565	geckodriver	INFO	Listening on 127.0.0.1:63572
1655225125570	mozrunner::runner	INFO	Running command: "C:\\Program Files\\Mozilla Firefox\\firefox.exe" "--marionette" "--remote-debugging-port" "63573" "--remote-allow-hosts" "localhost" "-no-remote" "-profile" "C:\\Users\\Amani\\AppData\\Local\\Temp\\rust_mozprofilezfw7r8"
1655225126053	Marionette	INFO	Marionette enabled
console.warn: SearchSettings: "get: No settings file exists, new profile?" (new NotFoundError("Could not open the file at C:\\Users\\Amani\\AppData\\Local\\Temp\\rust_mozprofilezfw7r8\\search.json.mozlz4", (void 0)))
DevTools listening on ws://localhost:63573/devtools/browser/4a196e28-7a9f-4776-9245-6725ed71738c
1655225128810	Marionette	INFO	Listening on port 63601
Read port: 63601
1655225128928	RemoteAgent	WARN	TLS certificate errors will be ignored for this session
1655225128956	Marionette	INFO	Stopped listening on port 63601
1655225216672	geckodriver	INFO	Listening on 127.0.0.1:63660
1655225219722	mozrunner::runner	INFO	Running command: "C:\\Program Files\\Mozilla Firefox\\firefox.exe" "--marionette" "--remote-debugging-port" "63661" "--remote-allow-hosts" "localhost" "-no-remote" "-profile" "C:\\Users\\Amani\\AppData\\Local\\Temp\\rust_mozprofileMjWkh3"
1655225220200	Marionette	INFO	Marionette enabled
console.warn: SearchSettings: "get: No settings file exists, new profile?" (new NotFoundError("Could not open the file at C:\\Users\\Amani\\AppData\\Local\\Temp\\rust_mozprofileMjWkh3\\search.json.mozlz4", (void 0)))
DevTools listening on ws://localhost:63661/devtools/browser/8e21e15b-0345-4116-ac72-c589c167d31b
1655225222817	Marionette	INFO	Listening on port 63688
Read port: 63688
1655225222929	RemoteAgent	WARN	TLS certificate errors will be ignored for this session
1655225222949	Marionette	INFO	Stopped listening on port 63688
JavaScript error: resource://gre/modules/TerminatorTelemetry.jsm, line 71: AbortError: IOUtils: Shutting down and refusing additional I/O tasks
1655225223756	geckodriver	INFO	Listening on 127.0.0.1:63693
1655225226796	mozrunner::runner	INFO	Running command: "C:\\Program Files\\Mozilla Firefox\\firefox.exe" "--marionette" "--remote-debugging-port" "63694" "--remote-allow-hosts" "localhost" "-no-remote" "-profile" "C:\\Users\\Amani\\AppData\\Local\\Temp\\rust_mozprofile2u3gj7"
1655225227285	Marionette	INFO	Marionette enabled
console.warn: SearchSettings: "get: No settings file exists, new profile?" (new NotFoundError("Could not open the file at C:\\Users\\Amani\\AppData\\Local\\Temp\\rust_mozprofile2u3gj7\\search.json.mozlz4", (void 0)))
DevTools listening on ws://localhost:63694/devtools/browser/e07984e0-8441-4edc-bb37-c1c8af4f2c06
1655225230133	Marionette	INFO	Listening on port 63721
Read port: 63721
1655225230192	RemoteAgent	WARN	TLS certificate errors will be ignored for this session
JavaScript error: resource://gre/modules/XULStore.jsm, line 66: Error: Can't find profile directory.
JavaScript error: resource://gre/modules/XULStore.jsm, line 66: Error: Can't find profile directory.
console.warn: LoginRecipes: "getRecipes: falling back to a synchronous message for:" "http://localhost:63659"
1655225242411	Marionette	INFO	Stopped listening on port 63721
1655225243417	geckodriver	INFO	Listening on 127.0.0.1:63763
1655225246462	mozrunner::runner	INFO	Running command: "C:\\Program Files\\Mozilla Firefox\\firefox.exe" "--marionette" "--remote-debugging-port" "63764" "--remote-allow-hosts" "localhost" "-no-remote" "-profile" "C:\\Users\\Amani\\AppData\\Local\\Temp\\rust_mozprofilersDGOk"
1655225246943	Marionette	INFO	Marionette enabled
console.warn: SearchSettings: "get: No settings file exists, new profile?" (new NotFoundError("Could not open the file at C:\\Users\\Amani\\AppData\\Local\\Temp\\rust_mozprofilersDGOk\\search.json.mozlz4", (void 0)))
DevTools listening on ws://localhost:63764/devtools/browser/207e6345-4eb1-47f6-8804-cca411056bb7
1655225249578	Marionette	INFO	Listening on port 63790
Read port: 63790
1655225249613	RemoteAgent	WARN	TLS certificate errors will be ignored for this session
1655225249633	Marionette	INFO	Stopped listening on port 63790
console.error: Region.jsm: "Error fetching region" (new TypeError("NetworkError when attempting to fetch resource.", ""))
console.error: Region.jsm: "Failed to fetch region" (new Error("NO_RESULT", "resource://gre/modules/Region.jsm", 419))
JavaScript error: resource://gre/modules/TerminatorTelemetry.jsm, line 71: AbortError: IOUtils: Shutting down and refusing additional I/O tasks
1655225734683	geckodriver	INFO	Listening on 127.0.0.1:64092
1655225737746	mozrunner::runner	INFO	Running command: "C:\\Program Files\\Mozilla Firefox\\firefox.exe" "--marionette" "--remote-debugging-port" "64093" "--remote-allow-hosts" "localhost" "-no-remote" "-profile" "C:\\Users\\Amani\\AppData\\Local\\Temp\\rust_mozprofileaHUMtY"
1655225738199	Marionette	INFO	Marionette enabled
console.warn: SearchSettings: "get: No settings file exists, new profile?" (new NotFoundError("Could not open the file at C:\\Users\\Amani\\AppData\\Local\\Temp\\rust_mozprofileaHUMtY\\search.json.mozlz4", (void 0)))
DevTools listening on ws://localhost:64093/devtools/browser/5636e8cf-19d8-48c9-8cfa-86bd81dbd9fc
1655225740972	Marionette	INFO	Listening on port 64122
Read port: 64122
1655225741093	RemoteAgent	WARN	TLS certificate errors will be ignored for this session
1655225741111	Marionette	INFO	Stopped listening on port 64122
1655225742063	geckodriver	INFO	Listening on 127.0.0.1:64125
1655225745104	mozrunner::runner	INFO	Running command: "C:\\Program Files\\Mozilla Firefox\\firefox.exe" "--marionette" "--remote-debugging-port" "64126" "--remote-allow-hosts" "localhost" "-no-remote" "-profile" "C:\\Users\\Amani\\AppData\\Local\\Temp\\rust_mozprofileJsl3L1"
1655225745562	Marionette	INFO	Marionette enabled
console.warn: SearchSettings: "get: No settings file exists, new profile?" (new NotFoundError("Could not open the file at C:\\Users\\Amani\\AppData\\Local\\Temp\\rust_mozprofileJsl3L1\\search.json.mozlz4", (void 0)))
DevTools listening on ws://localhost:64126/devtools/browser/a9cbbd6d-2da1-4db0-9c50-774c66c912ea
1655225748121	Marionette	INFO	Listening on port 64154
Read port: 64154
1655225748247	RemoteAgent	WARN	TLS certificate errors will be ignored for this session
JavaScript error: resource://gre/modules/XULStore.jsm, line 66: Error: Can't find profile directory.
JavaScript error: resource://gre/modules/XULStore.jsm, line 66: Error: Can't find profile directory.
1655225748637	Marionette	INFO	Stopped listening on port 64154
1655225749555	geckodriver	INFO	Listening on 127.0.0.1:64168
1655225752618	mozrunner::runner	INFO	Running command: "C:\\Program Files\\Mozilla Firefox\\firefox.exe" "--marionette" "--remote-debugging-port" "64169" "--remote-allow-hosts" "localhost" "-no-remote" "-profile" "C:\\Users\\Amani\\AppData\\Local\\Temp\\rust_mozprofilejFgBi6"
1655225753128	Marionette	INFO	Marionette enabled
console.warn: SearchSettings: "get: No settings file exists, new profile?" (new NotFoundError("Could not open the file at C:\\Users\\Amani\\AppData\\Local\\Temp\\rust_mozprofilejFgBi6\\search.json.mozlz4", (void 0)))
DevTools listening on ws://localhost:64169/devtools/browser/17bb4f65-c4d8-4565-a836-0dc278e1cd7e
1655225755601	Marionette	INFO	Listening on port 64195
Read port: 64195
1655225755710	RemoteAgent	WARN	TLS certificate errors will be ignored for this session
1655225755730	Marionette	INFO	Stopped listening on port 64195
JavaScript error: resource://gre/modules/TerminatorTelemetry.jsm, line 71: AbortError: IOUtils: Shutting down and refusing additional I/O tasks
1655225860567	geckodriver	INFO	Listening on 127.0.0.1:64261
1655225863625	mozrunner::runner	INFO	Running command: "C:\\Program Files\\Mozilla Firefox\\firefox.exe" "--marionette" "--remote-debugging-port" "64262" "--remote-allow-hosts" "localhost" "-no-remote" "-profile" "C:\\Users\\Amani\\AppData\\Local\\Temp\\rust_mozprofileg71rHM"
1655225864074	Marionette	INFO	Marionette enabled
console.warn: SearchSettings: "get: No settings file exists, new profile?" (new NotFoundError("Could not open the file at C:\\Users\\Amani\\AppData\\Local\\Temp\\rust_mozprofileg71rHM\\search.json.mozlz4", (void 0)))
DevTools listening on ws://localhost:64262/devtools/browser/d68085b9-15c4-467c-884c-2a5559be4b05
1655225866738	Marionette	INFO	Listening on port 64289
Read port: 64289
1655225866857	RemoteAgent	WARN	TLS certificate errors will be ignored for this session
1655225866882	Marionette	INFO	Stopped listening on port 64289
JavaScript error: resource://gre/modules/TerminatorTelemetry.jsm, line 71: AbortError: IOUtils: Shutting down and refusing additional I/O tasks
1655225867813	geckodriver	INFO	Listening on 127.0.0.1:64295
1655225870863	mozrunner::runner	INFO	Running command: "C:\\Program Files\\Mozilla Firefox\\firefox.exe" "--marionette" "--remote-debugging-port" "64296" "--remote-allow-hosts" "localhost" "-no-remote" "-profile" "C:\\Users\\Amani\\AppData\\Local\\Temp\\rust_mozprofilep8JRgf"
1655225871325	Marionette	INFO	Marionette enabled
console.warn: SearchSettings: "get: No settings file exists, new profile?" (new NotFoundError("Could not open the file at C:\\Users\\Amani\\AppData\\Local\\Temp\\rust_mozprofilep8JRgf\\search.json.mozlz4", (void 0)))
DevTools listening on ws://localhost:64296/devtools/browser/f2717224-1f6f-4fdc-94b4-9b15a2f4f4ed
1655225873893	Marionette	INFO	Listening on port 64324
Read port: 64324
1655225873965	RemoteAgent	WARN	TLS certificate errors will be ignored for this session
JavaScript error: resource://gre/modules/XULStore.jsm, line 66: Error: Can't find profile directory.
JavaScript error: resource://gre/modules/XULStore.jsm, line 66: Error: Can't find profile directory.
1655225885814	Marionette	INFO	Stopped listening on port 64324
1655225886758	geckodriver	INFO	Listening on 127.0.0.1:64357
1655225889789	mozrunner::runner	INFO	Running command: "C:\\Program Files\\Mozilla Firefox\\firefox.exe" "--marionette" "--remote-debugging-port" "64358" "--remote-allow-hosts" "localhost" "-no-remote" "-profile" "C:\\Users\\Amani\\AppData\\Local\\Temp\\rust_mozprofileGtwVQh"
1655225890351	Marionette	INFO	Marionette enabled
console.warn: SearchSettings: "get: No settings file exists, new profile?" (new NotFoundError("Could not open the file at C:\\Users\\Amani\\AppData\\Local\\Temp\\rust_mozprofileGtwVQh\\search.json.mozlz4", (void 0)))
DevTools listening on ws://localhost:64358/devtools/browser/7d32e7dd-c84c-43fa-a7aa-f994f11ba19b
1655225893140	Marionette	INFO	Listening on port 64389
Read port: 64389
1655225893223	RemoteAgent	WARN	TLS certificate errors will be ignored for this session
1655225893243	Marionette	INFO	Stopped listening on port 64389
1655225934093	geckodriver	INFO	Listening on 127.0.0.1:64424
1655225937138	mozrunner::runner	INFO	Running command: "C:\\Program Files\\Mozilla Firefox\\firefox.exe" "--marionette" "--remote-debugging-port" "64425" "--remote-allow-hosts" "localhost" "-no-remote" "-profile" "C:\\Users\\Amani\\AppData\\Local\\Temp\\rust_mozprofileBAIACm"
1655225937640	Marionette	INFO	Marionette enabled
console.warn: SearchSettings: "get: No settings file exists, new profile?" (new NotFoundError("Could not open the file at C:\\Users\\Amani\\AppData\\Local\\Temp\\rust_mozprofileBAIACm\\search.json.mozlz4", (void 0)))
DevTools listening on ws://localhost:64425/devtools/browser/c1e27bdb-77c7-48e7-9dfe-e03af7de645c
1655225940228	Marionette	INFO	Listening on port 64453
Read port: 64453
1655225940348	RemoteAgent	WARN	TLS certificate errors will be ignored for this session
1655225940367	Marionette	INFO	Stopped listening on port 64453
JavaScript error: resource://gre/modules/TerminatorTelemetry.jsm, line 71: AbortError: IOUtils: Shutting down and refusing additional I/O tasks

###!!! [Parent][PGPUParent] Error: RunMessage(msgname=PGPU::Msg_ShutdownVR) Channel closing: too late to send/recv, messages will be lost

1655225941167	geckodriver	INFO	Listening on 127.0.0.1:64458
1655225944207	mozrunner::runner	INFO	Running command: "C:\\Program Files\\Mozilla Firefox\\firefox.exe" "--marionette" "--remote-debugging-port" "64459" "--remote-allow-hosts" "localhost" "-no-remote" "-profile" "C:\\Users\\Amani\\AppData\\Local\\Temp\\rust_mozprofilehRs2qE"
1655225944790	Marionette	INFO	Marionette enabled
console.warn: SearchSettings: "get: No settings file exists, new profile?" (new NotFoundError("Could not open the file at C:\\Users\\Amani\\AppData\\Local\\Temp\\rust_mozprofilehRs2qE\\search.json.mozlz4", (void 0)))
DevTools listening on ws://localhost:64459/devtools/browser/f1c07377-8528-461b-af1b-c9558f563622
1655225947623	Marionette	INFO	Listening on port 64487
Read port: 64487
1655225947700	RemoteAgent	WARN	TLS certificate errors will be ignored for this session
JavaScript error: resource://gre/modules/XULStore.jsm, line 66: Error: Can't find profile directory.
JavaScript error: resource://gre/modules/XULStore.jsm, line 66: Error: Can't find profile directory.
1655225954682	Marionette	WARN	TimedPromise timed out after 500 ms: stacktrace:
TimedPromise/<@chrome://remote/content/marionette/sync.js:235:19
TimedPromise@chrome://remote/content/marionette/sync.js:220:10
interaction.flushEventLoop@chrome://remote/content/marionette/interaction.js:431:10
webdriverClickElement@chrome://remote/content/marionette/interaction.js:179:31
1655225959899	Marionette	INFO	Stopped listening on port 64487
1655225960960	geckodriver	INFO	Listening on 127.0.0.1:64521
1655225963987	mozrunner::runner	INFO	Running command: "C:\\Program Files\\Mozilla Firefox\\firefox.exe" "--marionette" "--remote-debugging-port" "64522" "--remote-allow-hosts" "localhost" "-no-remote" "-profile" "C:\\Users\\Amani\\AppData\\Local\\Temp\\rust_mozprofile0qr4NW"
1655225964420	Marionette	INFO	Marionette enabled
console.warn: SearchSettings: "get: No settings file exists, new profile?" (new NotFoundError("Could not open the file at C:\\Users\\Amani\\AppData\\Local\\Temp\\rust_mozprofile0qr4NW\\search.json.mozlz4", (void 0)))
DevTools listening on ws://localhost:64522/devtools/browser/64d38e73-d08d-43e0-a3ac-565c2df91551
1655225967109	Marionette	INFO	Listening on port 64550
Read port: 64550
1655225967154	RemoteAgent	WARN	TLS certificate errors will be ignored for this session
1655225967175	Marionette	INFO	Stopped listening on port 64550
JavaScript error: resource://gre/modules/TerminatorTelemetry.jsm, line 71: AbortError: IOUtils: Shutting down and refusing additional I/O tasks
1655226001399	geckodriver	INFO	Listening on 127.0.0.1:64578
1655226004420	mozrunner::runner	INFO	Running command: "C:\\Program Files\\Mozilla Firefox\\firefox.exe" "--marionette" "--remote-debugging-port" "64579" "--remote-allow-hosts" "localhost" "-no-remote" "-profile" "C:\\Users\\Amani\\AppData\\Local\\Temp\\rust_mozprofile4SS8SZ"
1655226004910	Marionette	INFO	Marionette enabled
console.warn: SearchSettings: "get: No settings file exists, new profile?" (new NotFoundError("Could not open the file at C:\\Users\\Amani\\AppData\\Local\\Temp\\rust_mozprofile4SS8SZ\\search.json.mozlz4", (void 0)))
DevTools listening on ws://localhost:64579/devtools/browser/0d88ae79-d159-44a7-9c9b-11dfdb7da225
1655226007483	Marionette	INFO	Listening on port 64606
Read port: 64606
1655226007601	RemoteAgent	WARN	TLS certificate errors will be ignored for this session
1655226007628	Marionette	INFO	Stopped listening on port 64606
JavaScript error: resource://gre/modules/TerminatorTelemetry.jsm, line 71: AbortError: IOUtils: Shutting down and refusing additional I/O tasks
1655226008434	geckodriver	INFO	Listening on 127.0.0.1:64611
1655226011466	mozrunner::runner	INFO	Running command: "C:\\Program Files\\Mozilla Firefox\\firefox.exe" "--marionette" "--remote-debugging-port" "64612" "--remote-allow-hosts" "localhost" "-no-remote" "-profile" "C:\\Users\\Amani\\AppData\\Local\\Temp\\rust_mozprofiler3Hh2K"
1655226011957	Marionette	INFO	Marionette enabled
console.warn: SearchSettings: "get: No settings file exists, new profile?" (new NotFoundError("Could not open the file at C:\\Users\\Amani\\AppData\\Local\\Temp\\rust_mozprofiler3Hh2K\\search.json.mozlz4", (void 0)))
DevTools listening on ws://localhost:64612/devtools/browser/e33b4dbc-c9df-4cc0-b4e4-e85da56f4c04
1655226014484	Marionette	INFO	Listening on port 64639
Read port: 64639
1655226014538	RemoteAgent	WARN	TLS certificate errors will be ignored for this session
JavaScript error: resource://gre/modules/XULStore.jsm, line 66: Error: Can't find profile directory.
JavaScript error: resource://gre/modules/XULStore.jsm, line 66: Error: Can't find profile directory.
console.warn: LoginRecipes: "getRecipes: falling back to a synchronous message for:" "http://localhost:64577"
1655226026175	Marionette	INFO	Stopped listening on port 64639
1655226027100	geckodriver	INFO	Listening on 127.0.0.1:64673
1655226030137	mozrunner::runner	INFO	Running command: "C:\\Program Files\\Mozilla Firefox\\firefox.exe" "--marionette" "--remote-debugging-port" "64674" "--remote-allow-hosts" "localhost" "-no-remote" "-profile" "C:\\Users\\Amani\\AppData\\Local\\Temp\\rust_mozprofileUtUkF4"
1655226030657	Marionette	INFO	Marionette enabled
console.warn: SearchSettings: "get: No settings file exists, new profile?" (new NotFoundError("Could not open the file at C:\\Users\\Amani\\AppData\\Local\\Temp\\rust_mozprofileUtUkF4\\search.json.mozlz4", (void 0)))
DevTools listening on ws://localhost:64674/devtools/browser/112ed34c-a960-4ad0-bf18-3d7d7bd6c480
1655226033267	Marionette	INFO	Listening on port 64702
Read port: 64702
1655226033401	RemoteAgent	WARN	TLS certificate errors will be ignored for this session
1655226033430	Marionette	INFO	Stopped listening on port 64702
JavaScript error: resource://gre/modules/TerminatorTelemetry.jsm, line 71: AbortError: IOUtils: Shutting down and refusing additional I/O tasks
